c:\users\krzyc\source\repos\szyfr-kocota\szyfr_kocota\szyfr_kocota\x64\release\szyfr_kocota.pch
c:\users\krzyc\source\repos\szyfr-kocota\szyfr_kocota\szyfr_kocota\x64\release\vc142.pdb
c:\users\krzyc\source\repos\szyfr-kocota\szyfr_kocota\szyfr_kocota\x64\release\pch.obj
c:\users\krzyc\source\repos\szyfr-kocota\szyfr_kocota\szyfr_kocota\x64\release\form1.obj
c:\users\krzyc\source\repos\szyfr-kocota\szyfr_kocota\szyfr_kocota\x64\release\cppclr_winformsprojekt.obj
c:\users\krzyc\source\repos\szyfr-kocota\szyfr_kocota\szyfr_kocota\x64\release\assemblyinfo.obj
c:\users\krzyc\source\repos\szyfr-kocota\szyfr_kocota\szyfr_kocota\x64\release\algorithm.obj
c:\users\krzyc\source\repos\szyfr-kocota\szyfr_kocota\szyfr_kocota\x64\release\.netframework,version=v4.7.2.assemblyattributes.obj
c:\users\krzyc\source\repos\szyfr-kocota\szyfr_kocota\x64\release\szyfr_kocota.exe
c:\users\krzyc\source\repos\szyfr-kocota\szyfr_kocota\x64\release\szyfr_kocota.pdb
c:\users\krzyc\source\repos\szyfr-kocota\szyfr_kocota\szyfr_kocota\x64\release\app.res
c:\users\krzyc\source\repos\szyfr-kocota\szyfr_kocota\szyfr_kocota\x64\release\szyfr_kocota.form1.resources
c:\users\krzyc\source\repos\szyfr-kocota\szyfr_kocota\szyfr_kocota\x64\release\szyfr_kocota.tlog\cl.command.1.tlog
c:\users\krzyc\source\repos\szyfr-kocota\szyfr_kocota\szyfr_kocota\x64\release\szyfr_kocota.tlog\cl.read.1.tlog
c:\users\krzyc\source\repos\szyfr-kocota\szyfr_kocota\szyfr_kocota\x64\release\szyfr_kocota.tlog\cl.write.1.tlog
c:\users\krzyc\source\repos\szyfr-kocota\szyfr_kocota\szyfr_kocota\x64\release\szyfr_kocota.tlog\link.command.1.tlog
c:\users\krzyc\source\repos\szyfr-kocota\szyfr_kocota\szyfr_kocota\x64\release\szyfr_kocota.tlog\link.read.1.tlog
c:\users\krzyc\source\repos\szyfr-kocota\szyfr_kocota\szyfr_kocota\x64\release\szyfr_kocota.tlog\link.write.1.tlog
c:\users\krzyc\source\repos\szyfr-kocota\szyfr_kocota\szyfr_kocota\x64\release\szyfr_kocota.tlog\metagen.read.1.tlog
c:\users\krzyc\source\repos\szyfr-kocota\szyfr_kocota\szyfr_kocota\x64\release\szyfr_kocota.tlog\metagen.write.1.tlog
c:\users\krzyc\source\repos\szyfr-kocota\szyfr_kocota\szyfr_kocota\x64\release\szyfr_kocota.tlog\rc.command.1.tlog
c:\users\krzyc\source\repos\szyfr-kocota\szyfr_kocota\szyfr_kocota\x64\release\szyfr_kocota.tlog\rc.read.1.tlog
c:\users\krzyc\source\repos\szyfr-kocota\szyfr_kocota\szyfr_kocota\x64\release\szyfr_kocota.tlog\rc.write.1.tlog
c:\users\krzyc\source\repos\szyfr-kocota\szyfr_kocota\szyfr_kocota\x64\release\szyfr_kocota.tlog\szyfr_kocota.write.1u.tlog
